2018-10-16 15:43:10.595 [error] <0.68.0> Supervisor 'Elixir.Logger.Supervisor' had child 'Elixir.Logger.ErrorHandler' started with 'Elixir.Logger.Watcher':start_link({error_logger,'Elixir.Logger.ErrorHandler',{true,false,500}}) at <0.73.0> exit with reason normal in context child_terminated
2018-10-16 15:43:10.635 [info] <0.33.0> Application lager started on node nonode@nohost
2018-10-16 15:43:10.636 [info] <0.33.0> Application jsx started on node nonode@nohost
2018-10-16 15:43:10.642 [info] <0.33.0> Application ranch started on node nonode@nohost
2018-10-16 15:43:10.643 [info] <0.33.0> Application ranch_proxy_protocol started on node nonode@nohost
2018-10-16 15:43:10.644 [info] <0.33.0> Application recon started on node nonode@nohost
2018-10-16 15:43:10.644 [info] <0.33.0> Application rabbit_common started on node nonode@nohost
2018-10-16 15:43:10.656 [info] <0.33.0> Application amqp_client started on node nonode@nohost
2018-10-16 15:48:11.803 [error] <0.68.0> Supervisor 'Elixir.Logger.Supervisor' had child 'Elixir.Logger.ErrorHandler' started with 'Elixir.Logger.Watcher':start_link({error_logger,'Elixir.Logger.ErrorHandler',{true,false,500}}) at <0.73.0> exit with reason normal in context child_terminated
2018-10-16 15:48:11.853 [info] <0.33.0> Application lager started on node nonode@nohost
2018-10-16 15:48:11.858 [info] <0.33.0> Application jsx started on node nonode@nohost
2018-10-16 15:48:11.865 [info] <0.33.0> Application ranch started on node nonode@nohost
2018-10-16 15:48:11.868 [info] <0.33.0> Application ranch_proxy_protocol started on node nonode@nohost
2018-10-16 15:48:11.871 [info] <0.33.0> Application recon started on node nonode@nohost
2018-10-16 15:48:11.871 [info] <0.33.0> Application rabbit_common started on node nonode@nohost
2018-10-16 15:48:11.893 [info] <0.33.0> Application amqp_client started on node nonode@nohost
2018-10-16 16:15:33.113 [error] <0.68.0> Supervisor 'Elixir.Logger.Supervisor' had child 'Elixir.Logger.ErrorHandler' started with 'Elixir.Logger.Watcher':start_link({error_logger,'Elixir.Logger.ErrorHandler',{true,false,500}}) at <0.73.0> exit with reason normal in context child_terminated
2018-10-16 16:15:33.147 [info] <0.33.0> Application lager started on node nonode@nohost
2018-10-16 16:15:33.149 [info] <0.33.0> Application jsx started on node nonode@nohost
2018-10-16 16:15:33.155 [info] <0.33.0> Application ranch started on node nonode@nohost
2018-10-16 16:15:33.159 [info] <0.33.0> Application ranch_proxy_protocol started on node nonode@nohost
2018-10-16 16:15:33.160 [info] <0.33.0> Application recon started on node nonode@nohost
2018-10-16 16:15:33.160 [info] <0.33.0> Application rabbit_common started on node nonode@nohost
2018-10-16 16:15:33.169 [info] <0.33.0> Application amqp_client started on node nonode@nohost
2018-10-16 16:23:02.061 [error] <0.68.0> Supervisor 'Elixir.Logger.Supervisor' had child 'Elixir.Logger.ErrorHandler' started with 'Elixir.Logger.Watcher':start_link({error_logger,'Elixir.Logger.ErrorHandler',{true,false,500}}) at <0.73.0> exit with reason normal in context child_terminated
2018-10-16 16:23:02.085 [info] <0.33.0> Application lager started on node nonode@nohost
2018-10-16 16:23:02.086 [info] <0.33.0> Application jsx started on node nonode@nohost
2018-10-16 16:23:02.092 [info] <0.33.0> Application ranch started on node nonode@nohost
2018-10-16 16:23:02.093 [info] <0.33.0> Application ranch_proxy_protocol started on node nonode@nohost
2018-10-16 16:23:02.094 [info] <0.33.0> Application recon started on node nonode@nohost
2018-10-16 16:23:02.094 [info] <0.33.0> Application rabbit_common started on node nonode@nohost
2018-10-16 16:23:02.103 [info] <0.33.0> Application amqp_client started on node nonode@nohost
2018-10-16 16:26:35.491 [error] <0.68.0> Supervisor 'Elixir.Logger.Supervisor' had child 'Elixir.Logger.ErrorHandler' started with 'Elixir.Logger.Watcher':start_link({error_logger,'Elixir.Logger.ErrorHandler',{true,false,500}}) at <0.73.0> exit with reason normal in context child_terminated
2018-10-16 16:26:35.526 [info] <0.33.0> Application lager started on node nonode@nohost
2018-10-16 16:26:35.527 [info] <0.33.0> Application jsx started on node nonode@nohost
2018-10-16 16:26:35.533 [info] <0.33.0> Application ranch started on node nonode@nohost
2018-10-16 16:26:35.535 [info] <0.33.0> Application ranch_proxy_protocol started on node nonode@nohost
2018-10-16 16:26:35.537 [info] <0.33.0> Application recon started on node nonode@nohost
2018-10-16 16:26:35.537 [info] <0.33.0> Application rabbit_common started on node nonode@nohost
2018-10-16 16:26:35.546 [info] <0.33.0> Application amqp_client started on node nonode@nohost
2018-10-16 16:33:12.633 [error] <0.68.0> Supervisor 'Elixir.Logger.Supervisor' had child 'Elixir.Logger.ErrorHandler' started with 'Elixir.Logger.Watcher':start_link({error_logger,'Elixir.Logger.ErrorHandler',{true,false,500}}) at <0.73.0> exit with reason normal in context child_terminated
2018-10-16 16:33:12.658 [info] <0.33.0> Application lager started on node nonode@nohost
2018-10-16 16:33:12.659 [info] <0.33.0> Application jsx started on node nonode@nohost
2018-10-16 16:33:12.664 [info] <0.33.0> Application ranch started on node nonode@nohost
2018-10-16 16:33:12.665 [info] <0.33.0> Application ranch_proxy_protocol started on node nonode@nohost
2018-10-16 16:33:12.666 [info] <0.33.0> Application recon started on node nonode@nohost
2018-10-16 16:33:12.666 [info] <0.33.0> Application rabbit_common started on node nonode@nohost
2018-10-16 16:33:12.675 [info] <0.33.0> Application amqp_client started on node nonode@nohost
2018-10-16 16:34:20.427 [error] <0.68.0> Supervisor 'Elixir.Logger.Supervisor' had child 'Elixir.Logger.ErrorHandler' started with 'Elixir.Logger.Watcher':start_link({error_logger,'Elixir.Logger.ErrorHandler',{true,false,500}}) at <0.73.0> exit with reason normal in context child_terminated
2018-10-16 16:34:20.465 [info] <0.33.0> Application lager started on node nonode@nohost
2018-10-16 16:34:20.466 [info] <0.33.0> Application jsx started on node nonode@nohost
2018-10-16 16:34:20.475 [info] <0.33.0> Application ranch started on node nonode@nohost
2018-10-16 16:34:20.477 [info] <0.33.0> Application ranch_proxy_protocol started on node nonode@nohost
2018-10-16 16:34:20.479 [info] <0.33.0> Application recon started on node nonode@nohost
2018-10-16 16:34:20.479 [info] <0.33.0> Application rabbit_common started on node nonode@nohost
2018-10-16 16:34:20.503 [info] <0.33.0> Application amqp_client started on node nonode@nohost
2018-10-16 17:04:35.302 [error] <0.68.0> Supervisor 'Elixir.Logger.Supervisor' had child 'Elixir.Logger.ErrorHandler' started with 'Elixir.Logger.Watcher':start_link({error_logger,'Elixir.Logger.ErrorHandler',{true,false,500}}) at <0.73.0> exit with reason normal in context child_terminated
2018-10-16 17:04:35.332 [info] <0.33.0> Application lager started on node nonode@nohost
2018-10-16 17:04:35.334 [info] <0.33.0> Application jsx started on node nonode@nohost
2018-10-16 17:04:35.340 [info] <0.33.0> Application ranch started on node nonode@nohost
2018-10-16 17:04:35.341 [info] <0.33.0> Application ranch_proxy_protocol started on node nonode@nohost
2018-10-16 17:04:35.342 [info] <0.33.0> Application recon started on node nonode@nohost
2018-10-16 17:04:35.342 [info] <0.33.0> Application rabbit_common started on node nonode@nohost
2018-10-16 17:04:35.351 [info] <0.33.0> Application amqp_client started on node nonode@nohost
2018-10-16 17:07:28.349 [error] <0.68.0> Supervisor 'Elixir.Logger.Supervisor' had child 'Elixir.Logger.ErrorHandler' started with 'Elixir.Logger.Watcher':start_link({error_logger,'Elixir.Logger.ErrorHandler',{true,false,500}}) at <0.73.0> exit with reason normal in context child_terminated
2018-10-16 17:07:28.384 [info] <0.33.0> Application lager started on node nonode@nohost
2018-10-16 17:07:28.385 [info] <0.33.0> Application jsx started on node nonode@nohost
2018-10-16 17:07:28.392 [info] <0.33.0> Application ranch started on node nonode@nohost
2018-10-16 17:07:28.394 [info] <0.33.0> Application ranch_proxy_protocol started on node nonode@nohost
2018-10-16 17:07:28.395 [info] <0.33.0> Application recon started on node nonode@nohost
2018-10-16 17:07:28.395 [info] <0.33.0> Application rabbit_common started on node nonode@nohost
2018-10-16 17:07:28.402 [info] <0.33.0> Application amqp_client started on node nonode@nohost
2018-10-16 17:08:49.209 [error] <0.68.0> Supervisor 'Elixir.Logger.Supervisor' had child 'Elixir.Logger.ErrorHandler' started with 'Elixir.Logger.Watcher':start_link({error_logger,'Elixir.Logger.ErrorHandler',{true,false,500}}) at <0.73.0> exit with reason normal in context child_terminated
2018-10-16 17:08:49.231 [info] <0.33.0> Application lager started on node nonode@nohost
2018-10-16 17:08:49.233 [info] <0.33.0> Application jsx started on node nonode@nohost
2018-10-16 17:08:49.239 [info] <0.33.0> Application ranch started on node nonode@nohost
2018-10-16 17:08:49.241 [info] <0.33.0> Application ranch_proxy_protocol started on node nonode@nohost
2018-10-16 17:08:49.242 [info] <0.33.0> Application recon started on node nonode@nohost
2018-10-16 17:08:49.242 [info] <0.33.0> Application rabbit_common started on node nonode@nohost
2018-10-16 17:08:49.250 [info] <0.33.0> Application amqp_client started on node nonode@nohost
2018-10-16 17:14:25.113 [error] <0.68.0> Supervisor 'Elixir.Logger.Supervisor' had child 'Elixir.Logger.ErrorHandler' started with 'Elixir.Logger.Watcher':start_link({error_logger,'Elixir.Logger.ErrorHandler',{true,false,500}}) at <0.73.0> exit with reason normal in context child_terminated
2018-10-16 17:14:25.137 [info] <0.33.0> Application lager started on node nonode@nohost
2018-10-16 17:14:25.138 [info] <0.33.0> Application jsx started on node nonode@nohost
2018-10-16 17:14:25.144 [info] <0.33.0> Application ranch started on node nonode@nohost
2018-10-16 17:14:25.145 [info] <0.33.0> Application ranch_proxy_protocol started on node nonode@nohost
2018-10-16 17:14:25.145 [info] <0.33.0> Application recon started on node nonode@nohost
2018-10-16 17:14:25.146 [info] <0.33.0> Application rabbit_common started on node nonode@nohost
2018-10-16 17:14:25.157 [info] <0.33.0> Application amqp_client started on node nonode@nohost
2018-10-16 17:18:46.175 [error] <0.68.0> Supervisor 'Elixir.Logger.Supervisor' had child 'Elixir.Logger.ErrorHandler' started with 'Elixir.Logger.Watcher':start_link({error_logger,'Elixir.Logger.ErrorHandler',{true,false,500}}) at <0.73.0> exit with reason normal in context child_terminated
2018-10-16 17:18:46.204 [info] <0.33.0> Application lager started on node nonode@nohost
2018-10-16 17:18:46.205 [info] <0.33.0> Application jsx started on node nonode@nohost
2018-10-16 17:18:46.210 [info] <0.33.0> Application ranch started on node nonode@nohost
2018-10-16 17:18:46.211 [info] <0.33.0> Application ranch_proxy_protocol started on node nonode@nohost
2018-10-16 17:18:46.212 [info] <0.33.0> Application recon started on node nonode@nohost
2018-10-16 17:18:46.212 [info] <0.33.0> Application rabbit_common started on node nonode@nohost
2018-10-16 17:18:46.220 [info] <0.33.0> Application amqp_client started on node nonode@nohost
