2018-10-23 15:22:55.170 [error] <0.186.0> Supervisor 'Elixir.Logger.Supervisor' had child 'Elixir.Logger.ErrorHandler' started with 'Elixir.Logger.Watcher':start_link({error_logger,'Elixir.Logger.ErrorHandler',{true,false,500}}) at <0.191.0> exit with reason normal in context child_terminated
2018-10-23 15:22:55.206 [info] <0.33.0> Application lager started on node nonode@nohost
2018-10-23 15:22:55.210 [info] <0.33.0> Application xmerl started on node nonode@nohost
2018-10-23 15:22:55.213 [info] <0.33.0> Application jsx started on node nonode@nohost
2018-10-23 15:22:55.218 [info] <0.33.0> Application ranch started on node nonode@nohost
2018-10-23 15:22:55.219 [info] <0.33.0> Application ranch_proxy_protocol started on node nonode@nohost
2018-10-23 15:22:55.220 [info] <0.33.0> Application recon started on node nonode@nohost
2018-10-23 15:22:55.220 [info] <0.33.0> Application rabbit_common started on node nonode@nohost
2018-10-23 15:22:55.229 [info] <0.33.0> Application amqp_client started on node nonode@nohost
2018-10-23 15:22:55.229 [info] <0.33.0> Application amqp started on node nonode@nohost
2018-10-23 15:22:55.229 [info] <0.33.0> Application rabbitmq started on node nonode@nohost
2018-10-23 15:28:43.110 [error] <0.168.0> Supervisor 'Elixir.Logger.Supervisor' had child 'Elixir.Logger.ErrorHandler' started with 'Elixir.Logger.Watcher':start_link({error_logger,'Elixir.Logger.ErrorHandler',{true,false,500}}) at <0.173.0> exit with reason normal in context child_terminated
2018-10-23 15:28:43.160 [info] <0.33.0> Application lager started on node nonode@nohost
2018-10-23 15:28:43.168 [info] <0.33.0> Application xmerl started on node nonode@nohost
2018-10-23 15:28:43.170 [info] <0.33.0> Application jsx started on node nonode@nohost
2018-10-23 15:28:43.176 [info] <0.33.0> Application ranch started on node nonode@nohost
2018-10-23 15:28:43.177 [info] <0.33.0> Application ranch_proxy_protocol started on node nonode@nohost
2018-10-23 15:28:43.178 [info] <0.33.0> Application recon started on node nonode@nohost
2018-10-23 15:28:43.178 [info] <0.33.0> Application rabbit_common started on node nonode@nohost
2018-10-23 15:28:43.186 [info] <0.33.0> Application amqp_client started on node nonode@nohost
2018-10-23 15:28:43.187 [info] <0.33.0> Application amqp started on node nonode@nohost
2018-10-23 15:28:43.187 [info] <0.33.0> Application rabbitmq started on node nonode@nohost
2018-10-23 15:29:20.134 [error] <0.159.0> Supervisor 'Elixir.Logger.Supervisor' had child 'Elixir.Logger.ErrorHandler' started with 'Elixir.Logger.Watcher':start_link({error_logger,'Elixir.Logger.ErrorHandler',{true,false,500}}) at <0.164.0> exit with reason normal in context child_terminated
2018-10-23 15:29:20.169 [info] <0.33.0> Application lager started on node nonode@nohost
2018-10-23 15:29:20.172 [info] <0.33.0> Application xmerl started on node nonode@nohost
2018-10-23 15:29:20.174 [info] <0.33.0> Application jsx started on node nonode@nohost
2018-10-23 15:29:20.180 [info] <0.33.0> Application ranch started on node nonode@nohost
2018-10-23 15:29:20.181 [info] <0.33.0> Application ranch_proxy_protocol started on node nonode@nohost
2018-10-23 15:29:20.182 [info] <0.33.0> Application recon started on node nonode@nohost
2018-10-23 15:29:20.182 [info] <0.33.0> Application rabbit_common started on node nonode@nohost
2018-10-23 15:29:20.188 [info] <0.33.0> Application amqp_client started on node nonode@nohost
2018-10-23 15:29:20.188 [info] <0.33.0> Application amqp started on node nonode@nohost
2018-10-23 15:29:20.188 [info] <0.33.0> Application rabbitmq started on node nonode@nohost
2018-10-23 17:02:27.617 [error] <0.169.0> Supervisor 'Elixir.Logger.Supervisor' had child 'Elixir.Logger.ErrorHandler' started with 'Elixir.Logger.Watcher':start_link({error_logger,'Elixir.Logger.ErrorHandler',{true,false,500}}) at <0.174.0> exit with reason normal in context child_terminated
2018-10-23 17:02:27.644 [info] <0.33.0> Application lager started on node nonode@nohost
2018-10-23 17:02:27.649 [info] <0.33.0> Application xmerl started on node nonode@nohost
2018-10-23 17:02:27.651 [info] <0.33.0> Application jsx started on node nonode@nohost
2018-10-23 17:02:27.656 [info] <0.33.0> Application ranch started on node nonode@nohost
2018-10-23 17:02:27.658 [info] <0.33.0> Application ranch_proxy_protocol started on node nonode@nohost
2018-10-23 17:02:27.659 [info] <0.33.0> Application recon started on node nonode@nohost
2018-10-23 17:02:27.659 [info] <0.33.0> Application rabbit_common started on node nonode@nohost
2018-10-23 17:02:27.668 [info] <0.33.0> Application amqp_client started on node nonode@nohost
2018-10-23 17:02:27.669 [info] <0.33.0> Application amqp started on node nonode@nohost
2018-10-23 17:02:27.669 [info] <0.33.0> Application rabbitmq started on node nonode@nohost
2018-10-23 17:21:50.417 [error] <0.154.0> Supervisor 'Elixir.Logger.Supervisor' had child 'Elixir.Logger.ErrorHandler' started with 'Elixir.Logger.Watcher':start_link({error_logger,'Elixir.Logger.ErrorHandler',{true,false,500}}) at <0.159.0> exit with reason normal in context child_terminated
2018-10-23 17:21:50.439 [info] <0.33.0> Application lager started on node nonode@nohost
2018-10-23 17:21:50.443 [info] <0.33.0> Application xmerl started on node nonode@nohost
2018-10-23 17:21:50.445 [info] <0.33.0> Application jsx started on node nonode@nohost
2018-10-23 17:21:50.451 [info] <0.33.0> Application ranch started on node nonode@nohost
2018-10-23 17:21:50.452 [info] <0.33.0> Application ranch_proxy_protocol started on node nonode@nohost
2018-10-23 17:21:50.453 [info] <0.33.0> Application recon started on node nonode@nohost
2018-10-23 17:21:50.453 [info] <0.33.0> Application rabbit_common started on node nonode@nohost
2018-10-23 17:21:50.460 [info] <0.33.0> Application amqp_client started on node nonode@nohost
2018-10-23 17:21:50.460 [info] <0.33.0> Application amqp started on node nonode@nohost
2018-10-23 17:21:50.461 [info] <0.33.0> Application rabbitmq started on node nonode@nohost
2018-10-23 17:22:51.630 [error] <0.163.0> Supervisor 'Elixir.Logger.Supervisor' had child 'Elixir.Logger.ErrorHandler' started with 'Elixir.Logger.Watcher':start_link({error_logger,'Elixir.Logger.ErrorHandler',{true,false,500}}) at <0.168.0> exit with reason normal in context child_terminated
2018-10-23 17:22:51.661 [info] <0.33.0> Application lager started on node nonode@nohost
2018-10-23 17:22:51.665 [info] <0.33.0> Application xmerl started on node nonode@nohost
2018-10-23 17:22:51.667 [info] <0.33.0> Application jsx started on node nonode@nohost
2018-10-23 17:22:51.672 [info] <0.33.0> Application ranch started on node nonode@nohost
2018-10-23 17:22:51.673 [info] <0.33.0> Application ranch_proxy_protocol started on node nonode@nohost
2018-10-23 17:22:51.674 [info] <0.33.0> Application recon started on node nonode@nohost
2018-10-23 17:22:51.675 [info] <0.33.0> Application rabbit_common started on node nonode@nohost
2018-10-23 17:22:51.682 [info] <0.33.0> Application amqp_client started on node nonode@nohost
2018-10-23 17:22:51.682 [info] <0.33.0> Application amqp started on node nonode@nohost
2018-10-23 17:22:51.683 [info] <0.33.0> Application rabbitmq started on node nonode@nohost
2018-10-23 17:23:23.996 [error] <0.163.0> Supervisor 'Elixir.Logger.Supervisor' had child 'Elixir.Logger.ErrorHandler' started with 'Elixir.Logger.Watcher':start_link({error_logger,'Elixir.Logger.ErrorHandler',{true,false,500}}) at <0.168.0> exit with reason normal in context child_terminated
2018-10-23 17:23:24.025 [info] <0.33.0> Application lager started on node nonode@nohost
2018-10-23 17:23:24.028 [info] <0.33.0> Application xmerl started on node nonode@nohost
2018-10-23 17:23:24.030 [info] <0.33.0> Application jsx started on node nonode@nohost
2018-10-23 17:23:24.037 [info] <0.33.0> Application ranch started on node nonode@nohost
2018-10-23 17:23:24.039 [info] <0.33.0> Application ranch_proxy_protocol started on node nonode@nohost
2018-10-23 17:23:24.040 [info] <0.33.0> Application recon started on node nonode@nohost
2018-10-23 17:23:24.040 [info] <0.33.0> Application rabbit_common started on node nonode@nohost
2018-10-23 17:23:24.046 [info] <0.33.0> Application amqp_client started on node nonode@nohost
2018-10-23 17:23:24.046 [info] <0.33.0> Application amqp started on node nonode@nohost
2018-10-23 17:23:24.047 [info] <0.33.0> Application rabbitmq started on node nonode@nohost
2018-10-23 17:53:06.536 [error] <0.163.0> Supervisor 'Elixir.Logger.Supervisor' had child 'Elixir.Logger.ErrorHandler' started with 'Elixir.Logger.Watcher':start_link({error_logger,'Elixir.Logger.ErrorHandler',{true,false,500}}) at <0.168.0> exit with reason normal in context child_terminated
2018-10-23 17:53:06.563 [info] <0.33.0> Application lager started on node nonode@nohost
2018-10-23 17:53:06.577 [info] <0.33.0> Application xmerl started on node nonode@nohost
2018-10-23 17:53:06.579 [info] <0.33.0> Application jsx started on node nonode@nohost
2018-10-23 17:53:06.587 [info] <0.33.0> Application ranch started on node nonode@nohost
2018-10-23 17:53:06.592 [info] <0.33.0> Application ranch_proxy_protocol started on node nonode@nohost
2018-10-23 17:53:06.593 [info] <0.33.0> Application recon started on node nonode@nohost
2018-10-23 17:53:06.593 [info] <0.33.0> Application rabbit_common started on node nonode@nohost
2018-10-23 17:53:06.603 [info] <0.33.0> Application amqp_client started on node nonode@nohost
2018-10-23 17:53:06.603 [info] <0.33.0> Application amqp started on node nonode@nohost
2018-10-23 17:53:06.603 [info] <0.33.0> Application rabbitmq started on node nonode@nohost
2018-10-23 17:53:41.054 [error] <0.163.0> Supervisor 'Elixir.Logger.Supervisor' had child 'Elixir.Logger.ErrorHandler' started with 'Elixir.Logger.Watcher':start_link({error_logger,'Elixir.Logger.ErrorHandler',{true,false,500}}) at <0.168.0> exit with reason normal in context child_terminated
2018-10-23 17:53:41.087 [info] <0.33.0> Application lager started on node nonode@nohost
2018-10-23 17:53:41.094 [info] <0.33.0> Application xmerl started on node nonode@nohost
2018-10-23 17:53:41.096 [info] <0.33.0> Application jsx started on node nonode@nohost
2018-10-23 17:53:41.100 [info] <0.33.0> Application ranch started on node nonode@nohost
2018-10-23 17:53:41.102 [info] <0.33.0> Application ranch_proxy_protocol started on node nonode@nohost
2018-10-23 17:53:41.108 [info] <0.33.0> Application recon started on node nonode@nohost
2018-10-23 17:53:41.108 [info] <0.33.0> Application rabbit_common started on node nonode@nohost
2018-10-23 17:53:41.122 [info] <0.33.0> Application amqp_client started on node nonode@nohost
2018-10-23 17:53:41.122 [info] <0.33.0> Application amqp started on node nonode@nohost
2018-10-23 17:53:41.122 [info] <0.33.0> Application rabbitmq started on node nonode@nohost
2018-10-23 17:57:22.919 [error] <0.163.0> Supervisor 'Elixir.Logger.Supervisor' had child 'Elixir.Logger.ErrorHandler' started with 'Elixir.Logger.Watcher':start_link({error_logger,'Elixir.Logger.ErrorHandler',{true,false,500}}) at <0.168.0> exit with reason normal in context child_terminated
2018-10-23 17:57:22.945 [info] <0.33.0> Application lager started on node nonode@nohost
2018-10-23 17:57:22.950 [info] <0.33.0> Application xmerl started on node nonode@nohost
2018-10-23 17:57:22.952 [info] <0.33.0> Application jsx started on node nonode@nohost
2018-10-23 17:57:22.958 [info] <0.33.0> Application ranch started on node nonode@nohost
2018-10-23 17:57:22.960 [info] <0.33.0> Application ranch_proxy_protocol started on node nonode@nohost
2018-10-23 17:57:22.962 [info] <0.33.0> Application recon started on node nonode@nohost
2018-10-23 17:57:22.962 [info] <0.33.0> Application rabbit_common started on node nonode@nohost
2018-10-23 17:57:22.971 [info] <0.33.0> Application amqp_client started on node nonode@nohost
2018-10-23 17:57:22.971 [info] <0.33.0> Application amqp started on node nonode@nohost
2018-10-23 17:57:22.971 [info] <0.33.0> Application rabbitmq started on node nonode@nohost
2018-10-23 17:58:02.458 [error] <0.163.0> Supervisor 'Elixir.Logger.Supervisor' had child 'Elixir.Logger.ErrorHandler' started with 'Elixir.Logger.Watcher':start_link({error_logger,'Elixir.Logger.ErrorHandler',{true,false,500}}) at <0.168.0> exit with reason normal in context child_terminated
2018-10-23 17:58:02.489 [info] <0.33.0> Application lager started on node nonode@nohost
2018-10-23 17:58:02.495 [info] <0.33.0> Application xmerl started on node nonode@nohost
2018-10-23 17:58:02.497 [info] <0.33.0> Application jsx started on node nonode@nohost
2018-10-23 17:58:02.502 [info] <0.33.0> Application ranch started on node nonode@nohost
2018-10-23 17:58:02.504 [info] <0.33.0> Application ranch_proxy_protocol started on node nonode@nohost
2018-10-23 17:58:02.511 [info] <0.33.0> Application recon started on node nonode@nohost
2018-10-23 17:58:02.511 [info] <0.33.0> Application rabbit_common started on node nonode@nohost
2018-10-23 17:58:02.520 [info] <0.33.0> Application amqp_client started on node nonode@nohost
2018-10-23 17:58:02.520 [info] <0.33.0> Application amqp started on node nonode@nohost
2018-10-23 17:58:02.520 [info] <0.33.0> Application rabbitmq started on node nonode@nohost
2018-10-23 17:59:00.871 [error] <0.163.0> Supervisor 'Elixir.Logger.Supervisor' had child 'Elixir.Logger.ErrorHandler' started with 'Elixir.Logger.Watcher':start_link({error_logger,'Elixir.Logger.ErrorHandler',{true,false,500}}) at <0.168.0> exit with reason normal in context child_terminated
2018-10-23 17:59:00.900 [info] <0.33.0> Application lager started on node nonode@nohost
2018-10-23 17:59:00.903 [info] <0.33.0> Application xmerl started on node nonode@nohost
2018-10-23 17:59:00.905 [info] <0.33.0> Application jsx started on node nonode@nohost
2018-10-23 17:59:00.910 [info] <0.33.0> Application ranch started on node nonode@nohost
2018-10-23 17:59:00.911 [info] <0.33.0> Application ranch_proxy_protocol started on node nonode@nohost
2018-10-23 17:59:00.912 [info] <0.33.0> Application recon started on node nonode@nohost
2018-10-23 17:59:00.912 [info] <0.33.0> Application rabbit_common started on node nonode@nohost
2018-10-23 17:59:00.921 [info] <0.33.0> Application amqp_client started on node nonode@nohost
2018-10-23 17:59:00.922 [info] <0.33.0> Application amqp started on node nonode@nohost
2018-10-23 17:59:00.922 [info] <0.33.0> Application rabbitmq started on node nonode@nohost
2018-10-23 17:59:18.180 [error] <0.163.0> Supervisor 'Elixir.Logger.Supervisor' had child 'Elixir.Logger.ErrorHandler' started with 'Elixir.Logger.Watcher':start_link({error_logger,'Elixir.Logger.ErrorHandler',{true,false,500}}) at <0.168.0> exit with reason normal in context child_terminated
2018-10-23 17:59:18.204 [info] <0.33.0> Application lager started on node nonode@nohost
2018-10-23 17:59:18.207 [info] <0.33.0> Application xmerl started on node nonode@nohost
2018-10-23 17:59:18.210 [info] <0.33.0> Application jsx started on node nonode@nohost
2018-10-23 17:59:18.217 [info] <0.33.0> Application ranch started on node nonode@nohost
2018-10-23 17:59:18.218 [info] <0.33.0> Application ranch_proxy_protocol started on node nonode@nohost
2018-10-23 17:59:18.219 [info] <0.33.0> Application recon started on node nonode@nohost
2018-10-23 17:59:18.219 [info] <0.33.0> Application rabbit_common started on node nonode@nohost
2018-10-23 17:59:18.226 [info] <0.33.0> Application amqp_client started on node nonode@nohost
2018-10-23 17:59:18.226 [info] <0.33.0> Application amqp started on node nonode@nohost
2018-10-23 17:59:18.226 [info] <0.33.0> Application rabbitmq started on node nonode@nohost
2018-10-23 18:00:30.904 [error] <0.163.0> Supervisor 'Elixir.Logger.Supervisor' had child 'Elixir.Logger.ErrorHandler' started with 'Elixir.Logger.Watcher':start_link({error_logger,'Elixir.Logger.ErrorHandler',{true,false,500}}) at <0.168.0> exit with reason normal in context child_terminated
2018-10-23 18:00:30.935 [info] <0.33.0> Application lager started on node nonode@nohost
2018-10-23 18:00:30.939 [info] <0.33.0> Application xmerl started on node nonode@nohost
2018-10-23 18:00:30.941 [info] <0.33.0> Application jsx started on node nonode@nohost
2018-10-23 18:00:30.948 [info] <0.33.0> Application ranch started on node nonode@nohost
2018-10-23 18:00:30.950 [info] <0.33.0> Application ranch_proxy_protocol started on node nonode@nohost
2018-10-23 18:00:30.951 [info] <0.33.0> Application recon started on node nonode@nohost
2018-10-23 18:00:30.951 [info] <0.33.0> Application rabbit_common started on node nonode@nohost
2018-10-23 18:00:30.958 [info] <0.33.0> Application amqp_client started on node nonode@nohost
2018-10-23 18:00:30.958 [info] <0.33.0> Application amqp started on node nonode@nohost
2018-10-23 18:00:30.958 [info] <0.33.0> Application rabbitmq started on node nonode@nohost
2018-10-23 18:00:55.147 [error] <0.163.0> Supervisor 'Elixir.Logger.Supervisor' had child 'Elixir.Logger.ErrorHandler' started with 'Elixir.Logger.Watcher':start_link({error_logger,'Elixir.Logger.ErrorHandler',{true,false,500}}) at <0.168.0> exit with reason normal in context child_terminated
2018-10-23 18:00:55.178 [info] <0.33.0> Application lager started on node nonode@nohost
2018-10-23 18:00:55.182 [info] <0.33.0> Application xmerl started on node nonode@nohost
2018-10-23 18:00:55.184 [info] <0.33.0> Application jsx started on node nonode@nohost
2018-10-23 18:00:55.188 [info] <0.33.0> Application ranch started on node nonode@nohost
2018-10-23 18:00:55.189 [info] <0.33.0> Application ranch_proxy_protocol started on node nonode@nohost
2018-10-23 18:00:55.191 [info] <0.33.0> Application recon started on node nonode@nohost
2018-10-23 18:00:55.191 [info] <0.33.0> Application rabbit_common started on node nonode@nohost
2018-10-23 18:00:55.198 [info] <0.33.0> Application amqp_client started on node nonode@nohost
2018-10-23 18:00:55.199 [info] <0.33.0> Application amqp started on node nonode@nohost
2018-10-23 18:00:55.199 [info] <0.33.0> Application rabbitmq started on node nonode@nohost
2018-10-23 18:01:59.619 [error] <0.163.0> Supervisor 'Elixir.Logger.Supervisor' had child 'Elixir.Logger.ErrorHandler' started with 'Elixir.Logger.Watcher':start_link({error_logger,'Elixir.Logger.ErrorHandler',{true,false,500}}) at <0.168.0> exit with reason normal in context child_terminated
2018-10-23 18:01:59.649 [info] <0.33.0> Application lager started on node nonode@nohost
2018-10-23 18:01:59.653 [info] <0.33.0> Application xmerl started on node nonode@nohost
2018-10-23 18:01:59.655 [info] <0.33.0> Application jsx started on node nonode@nohost
2018-10-23 18:01:59.660 [info] <0.33.0> Application ranch started on node nonode@nohost
2018-10-23 18:01:59.661 [info] <0.33.0> Application ranch_proxy_protocol started on node nonode@nohost
2018-10-23 18:01:59.662 [info] <0.33.0> Application recon started on node nonode@nohost
2018-10-23 18:01:59.662 [info] <0.33.0> Application rabbit_common started on node nonode@nohost
2018-10-23 18:01:59.672 [info] <0.33.0> Application amqp_client started on node nonode@nohost
2018-10-23 18:01:59.672 [info] <0.33.0> Application amqp started on node nonode@nohost
2018-10-23 18:01:59.672 [info] <0.33.0> Application rabbitmq started on node nonode@nohost
